2018-06-13 10:52:59,542 INFO o.a.j.u.JMeterUtils: Setting Locale to en_EN
2018-06-13 10:52:59,561 INFO o.a.j.JMeter: Loading user properties from: /usr/local/Cellar/jmeter/4.0/libexec/bin/user.properties
2018-06-13 10:52:59,561 INFO o.a.j.JMeter: Loading system properties from: /usr/local/Cellar/jmeter/4.0/libexec/bin/system.properties
2018-06-13 10:52:59,566 INFO o.a.j.JMeter: Copyright (c) 1998-2018 The Apache Software Foundation
2018-06-13 10:52:59,566 INFO o.a.j.JMeter: Version 4.0 r1823414
2018-06-13 10:52:59,566 INFO o.a.j.JMeter: java.version=1.8.0_151
2018-06-13 10:52:59,566 INFO o.a.j.JMeter: java.vm.name=Java HotSpot(TM) 64-Bit Server VM
2018-06-13 10:52:59,566 INFO o.a.j.JMeter: os.name=Mac OS X
2018-06-13 10:52:59,566 INFO o.a.j.JMeter: os.arch=x86_64
2018-06-13 10:52:59,566 INFO o.a.j.JMeter: os.version=10.13.4
2018-06-13 10:52:59,566 INFO o.a.j.JMeter: file.encoding=UTF-8
2018-06-13 10:52:59,567 INFO o.a.j.JMeter: Max memory     =1073741824
2018-06-13 10:52:59,567 INFO o.a.j.JMeter: Available Processors =8
2018-06-13 10:52:59,570 INFO o.a.j.JMeter: Default Locale=English (EN)
2018-06-13 10:52:59,570 INFO o.a.j.JMeter: JMeter  Locale=English (EN)
2018-06-13 10:52:59,570 INFO o.a.j.JMeter: JMeterHome=/usr/local/Cellar/jmeter/4.0/libexec
2018-06-13 10:52:59,570 INFO o.a.j.JMeter: user.dir  =/Users/maheshpatnam/Desktop/apidemo
2018-06-13 10:52:59,570 INFO o.a.j.JMeter: PWD       =/Users/maheshpatnam/Desktop/apidemo
2018-06-13 10:52:59,571 INFO o.a.j.JMeter: IP: 10.0.0.171 Name: administorsmbp5.voiceworks.local FullName: administorsmbp5.voiceworks.local
2018-06-13 10:52:59,573 INFO o.a.j.JMeter: Setting property 'jmeter.reportgenerator.outputdir' to:'/Users/maheshpatnam/Desktop/apidemo/dashboard'
2018-06-13 10:52:59,574 INFO o.a.j.s.FileServer: Default base='/Users/maheshpatnam/Desktop/apidemo'
2018-06-13 10:52:59,578 INFO o.a.j.s.FileServer: Set new base='/Users/maheshpatnam/Desktop/apidemo'
2018-06-13 10:52:59,694 INFO o.a.j.s.SaveService: Testplan (JMX) version: 2.2. Testlog (JTL) version: 2.2
2018-06-13 10:52:59,710 INFO o.a.j.s.SaveService: Using SaveService properties file encoding UTF-8
2018-06-13 10:52:59,713 INFO o.a.j.s.SaveService: Using SaveService properties version 4.0
2018-06-13 10:52:59,718 INFO o.a.j.s.SaveService: Loading file: Login_Test.jmx
2018-06-13 10:52:59,755 INFO o.a.j.p.h.s.HTTPSamplerBase: Parser for text/html is org.apache.jmeter.protocol.http.parser.LagartoBasedHtmlParser
2018-06-13 10:52:59,755 INFO o.a.j.p.h.s.HTTPSamplerBase: Parser for application/xhtml+xml is org.apache.jmeter.protocol.http.parser.LagartoBasedHtmlParser
2018-06-13 10:52:59,755 INFO o.a.j.p.h.s.HTTPSamplerBase: Parser for application/xml is org.apache.jmeter.protocol.http.parser.LagartoBasedHtmlParser
2018-06-13 10:52:59,755 INFO o.a.j.p.h.s.HTTPSamplerBase: Parser for text/xml is org.apache.jmeter.protocol.http.parser.LagartoBasedHtmlParser
2018-06-13 10:52:59,755 INFO o.a.j.p.h.s.HTTPSamplerBase: Parser for text/vnd.wap.wml is org.apache.jmeter.protocol.http.parser.RegexpHTMLParser
2018-06-13 10:52:59,755 INFO o.a.j.p.h.s.HTTPSamplerBase: Parser for text/css is org.apache.jmeter.protocol.http.parser.CssParser
2018-06-13 10:52:59,778 INFO o.a.j.JMeter: Creating summariser <summary>
2018-06-13 10:52:59,782 INFO o.a.j.r.d.ReportGenerator: ReportGenerator will use for Parsing the separator: ','
2018-06-13 10:52:59,783 INFO o.a.j.r.d.ReportGenerator: Will generate report at end of test from  results file: file.jtl
2018-06-13 10:52:59,783 INFO o.a.j.r.d.ReportGenerator: Reading report generator properties from: /usr/local/Cellar/jmeter/4.0/libexec/bin/reportgenerator.properties
2018-06-13 10:52:59,784 INFO o.a.j.r.d.ReportGenerator: Merging with JMeter properties
2018-06-13 10:52:59,792 INFO o.a.j.r.c.ReportGeneratorConfiguration: Property 'jmeter.reportgenerator.temp_dir' not found, using default value 'temp' instead.
2018-06-13 10:52:59,794 INFO o.a.j.r.c.ReportGeneratorConfiguration: Property 'jmeter.reportgenerator.apdex_per_transaction' not found, using default value 'null' instead.
2018-06-13 10:52:59,794 INFO o.a.j.r.c.ReportGeneratorConfiguration: apdex_per_transaction : {} is empty, not APDEX per transaction customization
2018-06-13 10:52:59,794 INFO o.a.j.r.c.ReportGeneratorConfiguration: Property 'jmeter.reportgenerator.sample_filter' not found, using default value 'null' instead.
2018-06-13 10:52:59,794 INFO o.a.j.r.c.ReportGeneratorConfiguration: Property 'jmeter.reportgenerator.report_title' not found, using default value 'null' instead.
2018-06-13 10:52:59,794 INFO o.a.j.r.c.ReportGeneratorConfiguration: Property 'jmeter.reportgenerator.start_date' not found, using default value 'null' instead.
2018-06-13 10:52:59,794 INFO o.a.j.r.c.ReportGeneratorConfiguration: Property 'jmeter.reportgenerator.end_date' not found, using default value 'null' instead.
2018-06-13 10:52:59,794 INFO o.a.j.r.c.ReportGeneratorConfiguration: Property 'jmeter.reportgenerator.date_format' not found, using default value 'null' instead.
2018-06-13 10:52:59,795 INFO o.a.j.r.c.ReportGeneratorConfiguration: Will use date range start date: null, end date: null
2018-06-13 10:52:59,801 INFO o.a.j.r.c.ReportGeneratorConfiguration: Property 'jmeter.reportgenerator.graph.activeThreadsOverTime.exclude_controllers' not found, using default value 'false' instead.
2018-06-13 10:52:59,801 INFO o.a.j.r.c.ReportGeneratorConfiguration: Property 'jmeter.reportgenerator.graph.timeVsThreads.exclude_controllers' not found, using default value 'false' instead.
2018-06-13 10:52:59,802 INFO o.a.j.r.c.ReportGeneratorConfiguration: Property 'jmeter.reportgenerator.graph.responseTimeDistribution.exclude_controllers' not found, using default value 'false' instead.
2018-06-13 10:52:59,802 INFO o.a.j.r.c.ReportGeneratorConfiguration: Property 'jmeter.reportgenerator.graph.transactionsPerSecond.exclude_controllers' not found, using default value 'false' instead.
2018-06-13 10:52:59,802 INFO o.a.j.r.c.ReportGeneratorConfiguration: Property 'jmeter.reportgenerator.graph.responseTimePercentiles.exclude_controllers' not found, using default value 'false' instead.
2018-06-13 10:52:59,802 INFO o.a.j.r.c.ReportGeneratorConfiguration: Property 'jmeter.reportgenerator.graph.responseTimePercentilesOverTime.exclude_controllers' not found, using default value 'false' instead.
2018-06-13 10:52:59,802 INFO o.a.j.r.c.ReportGeneratorConfiguration: Property 'jmeter.reportgenerator.graph.responseTimesOverTime.exclude_controllers' not found, using default value 'false' instead.
2018-06-13 10:52:59,802 INFO o.a.j.r.c.ReportGeneratorConfiguration: Property 'jmeter.reportgenerator.graph.connectTimeOverTime.exclude_controllers' not found, using default value 'false' instead.
2018-06-13 10:52:59,802 INFO o.a.j.r.c.ReportGeneratorConfiguration: Property 'jmeter.reportgenerator.graph.latenciesOverTime.exclude_controllers' not found, using default value 'false' instead.
2018-06-13 10:52:59,803 INFO o.a.j.r.c.ReportGeneratorConfiguration: Property 'jmeter.reportgenerator.exporter.html.filters_only_sample_series' not found, using default value 'true' instead.
2018-06-13 10:52:59,803 INFO o.a.j.r.c.ReportGeneratorConfiguration: Property 'jmeter.reportgenerator.exporter.html.series_filter' not found, using default value '' instead.
2018-06-13 10:52:59,803 INFO o.a.j.r.c.ReportGeneratorConfiguration: Property 'jmeter.reportgenerator.exporter.html.show_controllers_only' not found, using default value 'false' instead.
2018-06-13 10:52:59,807 INFO o.a.j.e.StandardJMeterEngine: Running the test!
2018-06-13 10:52:59,808 INFO o.a.j.s.SampleEvent: List of sample_variables: []
2018-06-13 10:52:59,808 INFO o.a.j.s.SampleEvent: List of sample_variables: []
2018-06-13 10:52:59,811 INFO o.a.j.e.u.CompoundVariable: Note: Function class names must contain the string: '.functions.'
2018-06-13 10:52:59,811 INFO o.a.j.e.u.CompoundVariable: Note: Function class names must not contain the string: '.gui.'
2018-06-13 10:53:00,088 INFO o.a.j.JMeter: Running test (1528879980086)
2018-06-13 10:53:00,117 INFO o.a.j.e.StandardJMeterEngine: Starting ThreadGroup: 1 : Thread Group
2018-06-13 10:53:00,117 INFO o.a.j.e.StandardJMeterEngine: Starting 10 threads for group Thread Group.
2018-06-13 10:53:00,117 INFO o.a.j.e.StandardJMeterEngine: Thread will continue on error
2018-06-13 10:53:00,117 INFO o.a.j.t.ThreadGroup: Starting thread group... number=1 threads=10 ramp-up=20 perThread=2000.0 delayedStart=false
2018-06-13 10:53:00,123 INFO o.a.j.t.JMeterThread: Thread started: Thread Group 1-1
2018-06-13 10:53:00,125 INFO o.a.j.t.ThreadGroup: Started thread group number 1
2018-06-13 10:53:00,125 INFO o.a.j.e.StandardJMeterEngine: All thread groups have been started
2018-06-13 10:53:00,140 INFO o.a.j.p.h.s.HTTPHCAbstractImpl: Local host = administorsmbp5.voiceworks.local
2018-06-13 10:53:00,145 INFO o.a.j.p.h.s.HTTPHC4Impl: HTTP request retry count = 0
2018-06-13 10:53:00,152 INFO o.a.j.s.SampleResult: Note: Sample TimeStamps are START times
2018-06-13 10:53:00,152 INFO o.a.j.s.SampleResult: sampleresult.default.encoding is set to ISO-8859-1
2018-06-13 10:53:00,152 INFO o.a.j.s.SampleResult: sampleresult.useNanoTime=true
2018-06-13 10:53:00,152 INFO o.a.j.s.SampleResult: sampleresult.nanoThreadSleep=5000
2018-06-13 10:53:00,231 INFO o.a.j.r.Summariser: summary +      1 in 00:00:00 =    6.9/s Avg:    57 Min:    57 Max:    57 Err:     0 (0.00%) Active: 1 Started: 1 Finished: 0
2018-06-13 10:53:00,231 INFO o.a.j.t.JMeterThread: Thread is done: Thread Group 1-1
2018-06-13 10:53:00,231 INFO o.a.j.t.JMeterThread: Thread finished: Thread Group 1-1
2018-06-13 10:53:02,124 INFO o.a.j.t.JMeterThread: Thread started: Thread Group 1-2
2018-06-13 10:53:02,127 INFO o.a.j.t.JMeterThread: Thread is done: Thread Group 1-2
2018-06-13 10:53:02,127 INFO o.a.j.t.JMeterThread: Thread finished: Thread Group 1-2
2018-06-13 10:53:04,126 INFO o.a.j.t.JMeterThread: Thread started: Thread Group 1-3
2018-06-13 10:53:04,130 INFO o.a.j.t.JMeterThread: Thread is done: Thread Group 1-3
2018-06-13 10:53:04,130 INFO o.a.j.t.JMeterThread: Thread finished: Thread Group 1-3
2018-06-13 10:53:06,129 INFO o.a.j.t.JMeterThread: Thread started: Thread Group 1-4
2018-06-13 10:53:06,133 INFO o.a.j.t.JMeterThread: Thread is done: Thread Group 1-4
2018-06-13 10:53:06,133 INFO o.a.j.t.JMeterThread: Thread finished: Thread Group 1-4
2018-06-13 10:53:08,126 INFO o.a.j.t.JMeterThread: Thread started: Thread Group 1-5
2018-06-13 10:53:08,130 INFO o.a.j.t.JMeterThread: Thread is done: Thread Group 1-5
2018-06-13 10:53:08,130 INFO o.a.j.t.JMeterThread: Thread finished: Thread Group 1-5
2018-06-13 10:53:10,124 INFO o.a.j.t.JMeterThread: Thread started: Thread Group 1-6
2018-06-13 10:53:10,129 INFO o.a.j.t.JMeterThread: Thread is done: Thread Group 1-6
2018-06-13 10:53:10,129 INFO o.a.j.t.JMeterThread: Thread finished: Thread Group 1-6
2018-06-13 10:53:12,125 INFO o.a.j.t.JMeterThread: Thread started: Thread Group 1-7
2018-06-13 10:53:12,129 INFO o.a.j.t.JMeterThread: Thread is done: Thread Group 1-7
2018-06-13 10:53:12,129 INFO o.a.j.t.JMeterThread: Thread finished: Thread Group 1-7
2018-06-13 10:53:14,129 INFO o.a.j.t.JMeterThread: Thread started: Thread Group 1-8
2018-06-13 10:53:14,134 INFO o.a.j.t.JMeterThread: Thread is done: Thread Group 1-8
2018-06-13 10:53:14,134 INFO o.a.j.t.JMeterThread: Thread finished: Thread Group 1-8
2018-06-13 10:53:16,129 INFO o.a.j.t.JMeterThread: Thread started: Thread Group 1-9
2018-06-13 10:53:16,133 INFO o.a.j.t.JMeterThread: Thread is done: Thread Group 1-9
2018-06-13 10:53:16,133 INFO o.a.j.t.JMeterThread: Thread finished: Thread Group 1-9
2018-06-13 10:53:18,129 INFO o.a.j.t.JMeterThread: Thread started: Thread Group 1-10
2018-06-13 10:53:18,133 INFO o.a.j.t.JMeterThread: Thread is done: Thread Group 1-10
2018-06-13 10:53:18,133 INFO o.a.j.t.JMeterThread: Thread finished: Thread Group 1-10
2018-06-13 10:53:18,133 INFO o.a.j.e.StandardJMeterEngine: Notifying test listeners of end of test
2018-06-13 10:53:18,134 INFO o.a.j.r.Summariser: summary +      9 in 00:00:18 =    0.5/s Avg:     2 Min:     2 Max:     3 Err:     0 (0.00%) Active: 0 Started: 10 Finished: 10
2018-06-13 10:53:18,134 INFO o.a.j.r.Summariser: summary =     10 in 00:00:18 =    0.6/s Avg:     8 Min:     2 Max:    57 Err:     0 (0.00%)
2018-06-13 10:53:18,135 INFO o.a.j.JMeter: Generating Dashboard
2018-06-13 10:53:18,135 INFO o.a.j.r.d.ReportGenerator: Flushing result collector before report Generation
2018-06-13 10:53:18,147 INFO o.a.j.r.p.NormalizerSampleConsumer: Using format, 'ms', to parse timeStamp field
2018-06-13 10:53:18,223 INFO o.a.j.r.p.AbstractSampleConsumer: class org.apache.jmeter.report.processor.AggregateConsumer#stopProducing(): beginDate produced 0 samples
2018-06-13 10:53:18,223 INFO o.a.j.r.p.AbstractSampleConsumer: class org.apache.jmeter.report.processor.AggregateConsumer#stopProducing(): endDate produced 0 samples
2018-06-13 10:53:18,226 INFO o.a.j.r.p.AbstractSampleConsumer: class org.apache.jmeter.report.processor.ApdexSummaryConsumer#stopProducing(): apdexSummary produced 0 samples
2018-06-13 10:53:18,226 INFO o.a.j.r.p.AbstractSampleConsumer: class org.apache.jmeter.report.processor.RequestsSummaryConsumer#stopProducing(): requestsSummary produced 0 samples
2018-06-13 10:53:18,235 INFO o.a.j.r.p.AbstractSampleConsumer: class org.apache.jmeter.report.processor.StatisticsSummaryConsumer#stopProducing(): statisticsSummary produced 0 samples
2018-06-13 10:53:18,244 INFO o.a.j.r.p.AbstractSampleConsumer: class org.apache.jmeter.report.processor.Top5ErrorsBySamplerConsumer#stopProducing(): top5ErrorsBySampler produced 0 samples
2018-06-13 10:53:18,244 INFO o.a.j.r.p.AbstractSampleConsumer: class org.apache.jmeter.report.processor.ErrorsSummaryConsumer#stopProducing(): errorsSummary produced 0 samples
2018-06-13 10:53:18,244 INFO o.a.j.r.p.AbstractSampleConsumer: class org.apache.jmeter.report.processor.graph.impl.HitsPerSecondGraphConsumer#stopProducing(): hitsPerSecond produced 0 samples
2018-06-13 10:53:18,254 INFO o.a.j.r.p.AbstractSampleConsumer: class org.apache.jmeter.report.processor.graph.impl.LatencyVSRequestGraphConsumer#stopProducing(): latencyVsRequest produced 0 samples
2018-06-13 10:53:18,254 INFO o.a.j.r.p.AbstractSampleConsumer: class org.apache.jmeter.report.processor.graph.impl.SyntheticResponseTimeDistributionGraphConsumer#stopProducing(): syntheticResponseTimeDistribution produced 0 samples
2018-06-13 10:53:18,254 INFO o.a.j.r.p.AbstractSampleConsumer: class org.apache.jmeter.report.processor.graph.impl.BytesThroughputGraphConsumer#stopProducing(): bytesThroughputOverTime produced 0 samples
2018-06-13 10:53:18,254 INFO o.a.j.r.p.AbstractSampleConsumer: class org.apache.jmeter.report.processor.graph.impl.CodesPerSecondGraphConsumer#stopProducing(): codesPerSecond produced 0 samples
2018-06-13 10:53:18,256 INFO o.a.j.r.p.AbstractSampleConsumer: class org.apache.jmeter.report.processor.graph.impl.ResponseTimeVSRequestGraphConsumer#stopProducing(): responseTimeVsRequest produced 0 samples
2018-06-13 10:53:18,257 INFO o.a.j.r.p.AbstractSampleConsumer: class org.apache.jmeter.report.processor.FilterConsumer#stopProducing(): startIntervalControlerFilter produced 70 samples
2018-06-13 10:53:18,257 INFO o.a.j.r.p.AbstractSampleConsumer: class org.apache.jmeter.report.processor.graph.impl.ActiveThreadsGraphConsumer#stopProducing(): activeThreadsOverTime produced 0 samples
2018-06-13 10:53:18,257 INFO o.a.j.r.p.AbstractSampleConsumer: class org.apache.jmeter.report.processor.graph.impl.TimeVSThreadGraphConsumer#stopProducing(): timeVsThreads produced 0 samples
2018-06-13 10:53:18,257 INFO o.a.j.r.p.AbstractSampleConsumer: class org.apache.jmeter.report.processor.graph.impl.ResponseTimeDistributionGraphConsumer#stopProducing(): responseTimeDistribution produced 0 samples
2018-06-13 10:53:18,257 INFO o.a.j.r.p.AbstractSampleConsumer: class org.apache.jmeter.report.processor.graph.impl.TransactionsPerSecondGraphConsumer#stopProducing(): transactionsPerSecond produced 0 samples
2018-06-13 10:53:18,257 INFO o.a.j.r.p.AbstractSampleConsumer: class org.apache.jmeter.report.processor.graph.impl.ResponseTimePercentilesGraphConsumer#stopProducing(): responseTimePercentiles produced 0 samples
2018-06-13 10:53:18,258 INFO o.a.j.r.p.AbstractSampleConsumer: class org.apache.jmeter.report.processor.graph.impl.ResponseTimePercentilesOverTimeGraphConsumer#stopProducing(): responseTimePercentilesOverTime produced 0 samples
2018-06-13 10:53:18,258 INFO o.a.j.r.p.AbstractSampleConsumer: class org.apache.jmeter.report.processor.graph.impl.ResponseTimeOverTimeGraphConsumer#stopProducing(): responseTimesOverTime produced 0 samples
2018-06-13 10:53:18,258 INFO o.a.j.r.p.AbstractSampleConsumer: class org.apache.jmeter.report.processor.graph.impl.ConnectTimeOverTimeGraphConsumer#stopProducing(): connectTimeOverTime produced 0 samples
2018-06-13 10:53:18,258 INFO o.a.j.r.p.AbstractSampleConsumer: class org.apache.jmeter.report.processor.graph.impl.LatencyOverTimeGraphConsumer#stopProducing(): latenciesOverTime produced 0 samples
2018-06-13 10:53:18,258 INFO o.a.j.r.p.AbstractSampleConsumer: class org.apache.jmeter.report.processor.FilterConsumer#stopProducing(): nameFilter produced 140 samples
2018-06-13 10:53:18,258 INFO o.a.j.r.p.AbstractSampleConsumer: class org.apache.jmeter.report.processor.FilterConsumer#stopProducing(): dateRangeFilter produced 30 samples
2018-06-13 10:53:18,258 INFO o.a.j.r.p.AbstractSampleConsumer: class org.apache.jmeter.report.processor.NormalizerSampleConsumer#stopProducing(): normalizer produced 10 samples
2018-06-13 10:53:18,259 INFO o.a.j.r.p.CsvFileSampleSource: produce(): 10 samples produced in 85ms on channel 0
2018-06-13 10:53:18,259 INFO o.a.j.r.d.ReportGenerator: Exporting data using exporter:'html' of className:'org.apache.jmeter.report.dashboard.HtmlTemplateExporter'
2018-06-13 10:53:18,261 INFO o.a.j.r.d.HtmlTemplateExporter: Will generate dashboard in folder: /Users/maheshpatnam/Desktop/apidemo/dashboard
2018-06-13 10:53:18,337 INFO o.a.j.r.d.HtmlTemplateExporter: Report will be generated in: /Users/maheshpatnam/Desktop/apidemo/dashboard, creating folder structure
2018-06-13 10:53:18,638 INFO o.a.j.JMeter: Dashboard generated
